Arguments: 
  /Users/huangyujie/.nvm/versions/node/v10.15.3/bin/node /usr/local/Cellar/yarn/1.17.3/libexec/bin/yarn.js add @types/oled-display -D

PATH: 
  /Users/huangyujie/.nvm/versions/node/v10.15.3/bin:/usr/local/bin:/usr/bin:/bin:/usr/sbin:/sbin:/Library/Apple/usr/bin:/Library/Apple/bin:/Applications/VMware Fusion.app/Contents/Public:/Users/huangyujie/.nvm/versions/node/v10.15.3/bin:/Users/huangyujie/flutter/bin:/usr/local/opt/libxml2/bin:/Users/huangyujie/.yarn/bin:/Users/huangyujie/.config/yarn/global/node_modules/.bin:/usr/local/MongoDB/bin:/Users/huangyujie/flutter/bin:/usr/local/opt/libxml2/bin:/Users/huangyujie/.yarn/bin:/Users/huangyujie/.config/yarn/global/node_modules/.bin:/usr/local/bin:/usr/bin:/bin:/usr/sbin:/sbin:/Library/Apple/usr/bin:/Library/Apple/bin:/Applications/VMware Fusion.app/Contents/Public:/Users/huangyujie/.nvm/versions/node/v10.15.3/bin:/Users/huangyujie/flutter/bin:/usr/local/opt/libxml2/bin:/Users/huangyujie/.yarn/bin:/Users/huangyujie/.config/yarn/global/node_modules/.bin:/usr/local/MongoDB/bin:/Users/huangyujie/flutter/bin:/usr/local/opt/libxml2/bin:/usr/local/MongoDB/bin

Yarn version: 
  1.17.3

Node version: 
  10.15.3

Platform: 
  darwin x64

Trace: 
  Error: http://r.cnpmjs.org/@types%2foled-display: [not_found] document not found
      at Request.params.callback [as _callback] (/usr/local/Cellar/yarn/1.17.3/libexec/lib/cli.js:66830:18)
      at Request.self.callback (/usr/local/Cellar/yarn/1.17.3/libexec/lib/cli.js:140464:22)
      at Request.emit (events.js:189:13)
      at Request.<anonymous> (/usr/local/Cellar/yarn/1.17.3/libexec/lib/cli.js:141436:10)
      at Request.emit (events.js:189:13)
      at Gunzip.<anonymous> (/usr/local/Cellar/yarn/1.17.3/libexec/lib/cli.js:141358:12)
      at Object.onceWrapper (events.js:277:13)
      at Gunzip.emit (events.js:194:15)
      at endReadableNT (_stream_readable.js:1125:12)
      at process._tickCallback (internal/process/next_tick.js:63:19)

npm manifest: 
  {
    "name": "raspberrypi-oled-dashboard",
    "version": "1.0.0",
    "description": "树莓派驱动oled显示屏，监控系统状态",
    "main": "index.js",
    "scripts": {
      "init": "bash init.sh",
      "test": "node src/main.js"
    },
    "repository": {
      "type": "git",
      "url": "git+https://github.com/lanten/raspberrypi-oled-dashboard.git"
    },
    "author": "lanten",
    "license": "ISC",
    "bugs": {
      "url": "https://github.com/lanten/raspberrypi-oled-dashboard/issues"
    },
    "homepage": "https://github.com/lanten/raspberrypi-oled-dashboard#readme",
    "dependencies": {
      "oled-display": "^1.0.25"
    }
  }

yarn manifest: 
  No manifest

Lockfile: 
  # THIS IS AN AUTOGENERATED FILE. DO NOT EDIT THIS FILE DIRECTLY.
  # yarn lockfile v1
  
  
  oled-display@^1.0.25:
    version "1.0.25"
    resolved "http://r.cnpmjs.org/oled-display/download/oled-display-1.0.25.tgz#1670b8de0673b3c3daa8ee5bfe6418856f47ab79"
    integrity sha1-FnC43gZzs8PaqO5b/mQYhW9Hq3k=
    dependencies:
      python-shell "^1.0.8"
      uuid "^3.3.2"
  
  python-shell@^1.0.8:
    version "1.0.8"
    resolved "http://r.cnpmjs.org/python-shell/download/python-shell-1.0.8.tgz#067bc93d790913efaa4b2a3c9d0e85e02adab510"
    integrity sha1-BnvJPXkJE++qSyo8nQ6F4CratRA=
  
  uuid@^3.3.2:
    version "3.3.3"
    resolved "http://r.cnpmjs.org/uuid/download/uuid-3.3.3.tgz#4568f0216e78760ee1dbf3a4d2cf53e224112866"
    integrity sha1-RWjwIW54dg7h2/Ok0s9T4iQRKGY=
